netmasterlib/build/intermediates/manifest_merge_blame_file/debug/manifest-merger-blame-debug-report.txt
1<?xml version="1.0" encoding="utf-8"?>
2<manifest xmlns:android="http://schemas.android.com/apk/res/android"
3    package="com.ft.netmasterlib" >
4
5    <uses-sdk android:minSdkVersion="19" />
5-->src\main\AndroidManifest.xml
6
7    <uses-permission android:name="android.permission.ACCESS_NETWORK_STATE" />
7-->src\main\AndroidManifest.xml:4:5-79
7-->src\main\AndroidManifest.xml:4:22-76
8
9    <application>
9-->src\main\AndroidManifest.xml:5:5-9:19
10        <activity
10-->src\main\AndroidManifest.xml:6:9-8:40
11            android:name="com.ft.netmasterlib.NetMasterActivity"
11-->src\main\AndroidManifest.xml:7:13-46
12            android:exported="false" />
12-->src\main\AndroidManifest.xml:8:13-37
13    </application>
14
15</manifest>